<?xml version="1.0" encoding="UTF-8"?>
<!-- Generated by org.testng.reporters.JUnitXMLReporter -->
<testsuite hostname="BF-20180428VRFN" name="recharge" tests="9" failures="0" timestamp="27 Feb 2019 11:56:21 GMT" time="2.554" errors="0">
  <testcase name="test1" time="0.085" classname="com.qj.api.auto.cases.RechargeCase"/>
  <testcase name="test1" time="0.09" classname="com.qj.api.auto.cases.RechargeCase"/>
  <testcase name="test1" time="0.089" classname="com.qj.api.auto.cases.RechargeCase"/>
  <testcase name="test1" time="0.109" classname="com.qj.api.auto.cases.RechargeCase"/>
  <testcase name="test1" time="0.092" classname="com.qj.api.auto.cases.RechargeCase"/>
  <testcase name="test1" time="0.086" classname="com.qj.api.auto.cases.RechargeCase"/>
  <testcase name="test1" time="0.102" classname="com.qj.api.auto.cases.RechargeCase"/>
  <testcase name="test1" time="0.089" classname="com.qj.api.auto.cases.RechargeCase"/>
  <testcase name="test1" time="1.798" classname="com.qj.api.auto.cases.RechargeCase"/>
</testsuite> <!-- recharge -->
