<?xml version="1.0" encoding="UTF-8"?>
<!-- Generated by org.testng.reporters.JUnitXMLReporter -->
<testsuite hostname="BF-20180428VRFN" name="withdraw" tests="7" failures="1" timestamp="2 Apr 2019 13:50:33 GMT" time="3.87" errors="0">
  <testcase name="register" time="2.225" classname="com.qj.api.auto.cases.NotNeedLoginCaseProcessorTest"/>
  <testcase name="register" time="0.078" classname="com.qj.api.auto.cases.NotNeedLoginCaseProcessorTest"/>
  <testcase name="toAddProjectUserId" time="0.427" classname="com.qj.api.auto.cases.NotNeedLoginCaseProcessorTest">
    <failure type="java.lang.NullPointerException">
      <![CDATA[java.lang.NullPointerException
	at com.qj.api.auto.util.VariableUtil.getSpecifiedValueInInterface(VariableUtil.java:123)
	at com.qj.api.auto.cases.NotNeedLoginCaseProcessorTest.toAddProjectUserId(NotNeedLoginCaseProcessorTest.java:82)
... Removed 24 stack frames]]>
    </failure>
  </testcase> <!-- toAddProjectUserId -->
  <testcase name="register1" time="0.098" classname="com.qj.api.auto.cases.NotNeedLoginCaseProcessorTest2"/>
  <testcase name="register1" time="0.124" classname="com.qj.api.auto.cases.NotNeedLoginCaseProcessorTest2"/>
  <testcase name="login" time="0.105" classname="com.qj.api.auto.cases.NotNeedLoginCaseProcessorTest2"/>
  <testcase name="login" time="0.1" classname="com.qj.api.auto.cases.NotNeedLoginCaseProcessorTest2"/>
</testsuite> <!-- withdraw -->
