<?xml version="1.0" encoding="UTF-8"?>
<!-- Generated by org.testng.reporters.JUnitReportReporter -->
<testsuite hostname="BF-20180428VRFN" name="com.qj.api.auto.LoginCase" tests="5" failures="0" timestamp="20 Nov 2018 16:10:09 GMT" time="0.876" errors="0">
  <testcase name="test1" time="0.035" classname="com.qj.api.auto.LoginCase"/>
  <testcase name="test1" time="0.033" classname="com.qj.api.auto.LoginCase"/>
  <testcase name="test1" time="0.031" classname="com.qj.api.auto.LoginCase"/>
  <testcase name="test1" time="0.037" classname="com.qj.api.auto.LoginCase"/>
  <testcase name="test1" time="0.740" classname="com.qj.api.auto.LoginCase"/>
</testsuite> <!-- com.qj.api.auto.LoginCase -->
