<?xml version="1.0" encoding="UTF-8" ?>
<testsuite tests="12" failures="0" name="TestSuite" time="7.97" errors="0" skipped="0">
  <properties>
[...]
</properties>
  <testcase classname="com.qj.api.auto.cases.NotNeedLoginCaseProcessorTest" name="register" time="1.499"/>
  <testcase classname="com.qj.api.auto.cases.NotNeedLoginCaseProcessorTest" name="register" time="0.095"/>
  <testcase classname="com.qj.api.auto.cases.NotNeedLoginCaseProcessorTest" name="register" time="0.1"/>
  <testcase classname="com.qj.api.auto.cases.NotNeedLoginCaseProcessorTest" name="register" time="0.116"/>
  <testcase classname="com.qj.api.auto.cases.NotNeedLoginCaseProcessorTest" name="register" time="1.123"/>
  <testcase classname="com.qj.api.auto.cases.NotNeedLoginCaseProcessorTest" name="register" time="0.12"/>
  <testcase classname="com.qj.api.auto.cases.NotNeedLoginCaseProcessorTest" name="login" time="0.121"/>
  <testcase classname="com.qj.api.auto.cases.NotNeedLoginCaseProcessorTest" name="login" time="0.124"/>
  <testcase classname="com.qj.api.auto.cases.NotNeedLoginCaseProcessorTest" name="login" time="0.139"/>
  <testcase classname="com.qj.api.auto.cases.NotNeedLoginCaseProcessorTest" name="login" time="0.147"/>
  <testcase classname="com.qj.api.auto.cases.NotNeedLoginCaseProcessorTest" name="login" time="0.106"/>
  <testcase classname="com.qj.api.auto.cases.NotNeedLoginCaseProcessorTest" name="toAddProjectUserId" time="0.511"/>
</testsuite>