<?xml version="1.0" encoding="UTF-8"?>
<testng-results skipped="0" failed="0" total="20" passed="20">
  <reporter-output>
  </reporter-output>
  <suite name="接口项目" duration-ms="4338" started-at="2018-11-26T07:35:57Z" finished-at="2018-11-26T07:36:02Z">
    <groups>
    </groups>
    <test name="registTest" duration-ms="3239" started-at="2018-11-26T07:35:57Z" finished-at="2018-11-26T07:36:00Z">
      <class name="com.qj.api.auto.cases.RegisterCase_v7">
        <test-method status="PASS" signature="test1(java.lang.String, java.lang.String, java.lang.String, java.lang.String, java.lang.String, java.lang.String)[pri:0, instance:com.qj.api.auto.cases.RegisterCase_v7@6cd8737]" name="test1" duration-ms="1738" started-at="2018-11-26T15:35:58Z" data-provider="datas" finished-at="2018-11-26T15:36:00Z">
          <params>
            <param index="0">
              <value>
                <![CDATA[1]]>
              </value>
            </param>
            <param index="1">
              <value>
                <![CDATA[1]]>
              </value>
            </param>
            <param index="2">
              <value>
                <![CDATA[{"mobilephone":"${toBeRegisterMobilephone}","pwd":""}]]>
              </value>
            </param>
            <param index="3">
              <value>
                <![CDATA[{"status":0,"code":"20103","data":null,"msg":"密码不能为空"}]]>
              </value>
            </param>
            <param index="4">
              <value>
                <![CDATA[]]>
              </value>
            </param>
            <param index="5">
              <value>
                <![CDATA[]]>
              </value>
            </param>
          </params>
          <reporter-output>
          </reporter-output>
        </test-method> <!-- test1 -->
        <test-method status="PASS" signature="test1(java.lang.String, java.lang.String, java.lang.String, java.lang.String, java.lang.String, java.lang.String)[pri:0, instance:com.qj.api.auto.cases.RegisterCase_v7@6cd8737]" name="test1" duration-ms="63" started-at="2018-11-26T15:36:00Z" data-provider="datas" finished-at="2018-11-26T15:36:00Z">
          <params>
            <param index="0">
              <value>
                <![CDATA[2]]>
              </value>
            </param>
            <param index="1">
              <value>
                <![CDATA[1]]>
              </value>
            </param>
            <param index="2">
              <value>
                <![CDATA[{"mobilephone":"","pwd":"${toBeRegisterPassword}"}]]>
              </value>
            </param>
            <param index="3">
              <value>
                <![CDATA[{"status":0,"code":"20103","data":null,"msg":"手机号不能为空"}]]>
              </value>
            </param>
            <param index="4">
              <value>
                <![CDATA[]]>
              </value>
            </param>
            <param index="5">
              <value>
                <![CDATA[]]>
              </value>
            </param>
          </params>
          <reporter-output>
          </reporter-output>
        </test-method> <!-- test1 -->
        <test-method status="PASS" signature="test1(java.lang.String, java.lang.String, java.lang.String, java.lang.String, java.lang.String, java.lang.String)[pri:0, instance:com.qj.api.auto.cases.RegisterCase_v7@6cd8737]" name="test1" duration-ms="49" started-at="2018-11-26T15:36:00Z" data-provider="datas" finished-at="2018-11-26T15:36:00Z">
          <params>
            <param index="0">
              <value>
                <![CDATA[3]]>
              </value>
            </param>
            <param index="1">
              <value>
                <![CDATA[1]]>
              </value>
            </param>
            <param index="2">
              <value>
                <![CDATA[{"mobilephone":"${notValidMobilephone}","pwd":"${toBeRegisterPassword}"}]]>
              </value>
            </param>
            <param index="3">
              <value>
                <![CDATA[{"status":0,"code":"20109","data":null,"msg":"手机号码格式不正确"}]]>
              </value>
            </param>
            <param index="4">
              <value>
                <![CDATA[]]>
              </value>
            </param>
            <param index="5">
              <value>
                <![CDATA[]]>
              </value>
            </param>
          </params>
          <reporter-output>
          </reporter-output>
        </test-method> <!-- test1 -->
        <test-method status="PASS" signature="test1(java.lang.String, java.lang.String, java.lang.String, java.lang.String, java.lang.String, java.lang.String)[pri:0, instance:com.qj.api.auto.cases.RegisterCase_v7@6cd8737]" name="test1" duration-ms="53" started-at="2018-11-26T15:36:00Z" data-provider="datas" finished-at="2018-11-26T15:36:00Z">
          <params>
            <param index="0">
              <value>
                <![CDATA[4]]>
              </value>
            </param>
            <param index="1">
              <value>
                <![CDATA[1]]>
              </value>
            </param>
            <param index="2">
              <value>
                <![CDATA[{"mobilephone":"${toBeRegisterMobilephone}","pwd":"${notValidPassword}"}]]>
              </value>
            </param>
            <param index="3">
              <value>
                <![CDATA[{"status":0,"code":"20108","data":null,"msg":"密码长度必须为6~18"}]]>
              </value>
            </param>
            <param index="4">
              <value>
                <![CDATA[]]>
              </value>
            </param>
            <param index="5">
              <value>
                <![CDATA[]]>
              </value>
            </param>
          </params>
          <reporter-output>
          </reporter-output>
        </test-method> <!-- test1 -->
        <test-method status="PASS" signature="test1(java.lang.String, java.lang.String, java.lang.String, java.lang.String, java.lang.String, java.lang.String)[pri:0, instance:com.qj.api.auto.cases.RegisterCase_v7@6cd8737]" name="test1" duration-ms="524" started-at="2018-11-26T15:36:00Z" data-provider="datas" finished-at="2018-11-26T15:36:00Z">
          <params>
            <param index="0">
              <value>
                <![CDATA[5]]>
              </value>
            </param>
            <param index="1">
              <value>
                <![CDATA[1]]>
              </value>
            </param>
            <param index="2">
              <value>
                <![CDATA[{"mobilephone":"${toBeRegisterMobilephone}","pwd":"${toBeRegisterPassword}"}]]>
              </value>
            </param>
            <param index="3">
              <value>
                <![CDATA[{"status":1,"code":"20110","data":null,"msg":"注册成功"}]]>
              </value>
            </param>
            <param index="4">
              <value>
                <![CDATA[[{"no":"1","sql":"select count(*) as 
totalNum from member where mobilephone='${toBeRegisterMobilephone}'"}]]]>
              </value>
            </param>
            <param index="5">
              <value>
                <![CDATA[[{"no":"1","sql":"select count(*) as 
totalNum from member where mobilephone='${toBeRegisterMobilephone}'"}]]]>
              </value>
            </param>
          </params>
          <reporter-output>
          </reporter-output>
        </test-method> <!-- test1 -->
        <test-method status="PASS" signature="test1(java.lang.String, java.lang.String, java.lang.String, java.lang.String, java.lang.String, java.lang.String)[pri:0, instance:com.qj.api.auto.cases.RegisterCase_v7@6cd8737]" name="test1" duration-ms="50" started-at="2018-11-26T15:36:00Z" data-provider="datas" finished-at="2018-11-26T15:36:00Z">
          <params>
            <param index="0">
              <value>
                <![CDATA[6]]>
              </value>
            </param>
            <param index="1">
              <value>
                <![CDATA[1]]>
              </value>
            </param>
            <param index="2">
              <value>
                <![CDATA[{"mobilephone":"${toBeRegisterMobilephone}","pwd":"${toBeRegisterPassword}"}]]>
              </value>
            </param>
            <param index="3">
              <value>
                <![CDATA[{"status":0,"code":"20110","data":null,"msg":"手机号码已被注册"}]]>
              </value>
            </param>
            <param index="4">
              <value>
                <![CDATA[]]>
              </value>
            </param>
            <param index="5">
              <value>
                <![CDATA[]]>
              </value>
            </param>
          </params>
          <reporter-output>
          </reporter-output>
        </test-method> <!-- test1 -->
      </class> <!-- com.qj.api.auto.cases.RegisterCase_v7 -->
    </test> <!-- registTest -->
    <test name="login" duration-ms="233" started-at="2018-11-26T07:36:00Z" finished-at="2018-11-26T07:36:01Z">
      <class name="com.qj.api.auto.cases.LoginCase">
        <test-method status="PASS" signature="test1(java.lang.String, java.lang.String, java.lang.String, java.lang.String, java.lang.String, java.lang.String)[pri:0, instance:com.qj.api.auto.cases.LoginCase@4cb2c100]" name="test1" duration-ms="45" started-at="2018-11-26T15:36:00Z" data-provider="datas" finished-at="2018-11-26T15:36:00Z">
          <params>
            <param index="0">
              <value>
                <![CDATA[7]]>
              </value>
            </param>
            <param index="1">
              <value>
                <![CDATA[2]]>
              </value>
            </param>
            <param index="2">
              <value>
                <![CDATA[{"mobilephone":"${toBeRegisterMobilephone}","pwd":""}]]>
              </value>
            </param>
            <param index="3">
              <value>
                <![CDATA[{"status":0,"code":"20103","data":null,"msg":"密码不能为空"}]]>
              </value>
            </param>
            <param index="4">
              <value>
                <![CDATA[]]>
              </value>
            </param>
            <param index="5">
              <value>
                <![CDATA[]]>
              </value>
            </param>
          </params>
          <reporter-output>
          </reporter-output>
        </test-method> <!-- test1 -->
        <test-method status="PASS" signature="test1(java.lang.String, java.lang.String, java.lang.String, java.lang.String, java.lang.String, java.lang.String)[pri:0, instance:com.qj.api.auto.cases.LoginCase@4cb2c100]" name="test1" duration-ms="45" started-at="2018-11-26T15:36:00Z" data-provider="datas" finished-at="2018-11-26T15:36:01Z">
          <params>
            <param index="0">
              <value>
                <![CDATA[8]]>
              </value>
            </param>
            <param index="1">
              <value>
                <![CDATA[2]]>
              </value>
            </param>
            <param index="2">
              <value>
                <![CDATA[{"mobilephone":"","pwd":"123456"}]]>
              </value>
            </param>
            <param index="3">
              <value>
                <![CDATA[{"status":"0","code":"20103",data:null,"msg":"手机号不能为空"}]]>
              </value>
            </param>
            <param index="4">
              <value>
                <![CDATA[]]>
              </value>
            </param>
            <param index="5">
              <value>
                <![CDATA[]]>
              </value>
            </param>
          </params>
          <reporter-output>
          </reporter-output>
        </test-method> <!-- test1 -->
        <test-method status="PASS" signature="test1(java.lang.String, java.lang.String, java.lang.String, java.lang.String, java.lang.String, java.lang.String)[pri:0, instance:com.qj.api.auto.cases.LoginCase@4cb2c100]" name="test1" duration-ms="57" started-at="2018-11-26T15:36:01Z" data-provider="datas" finished-at="2018-11-26T15:36:01Z">
          <params>
            <param index="0">
              <value>
                <![CDATA[9]]>
              </value>
            </param>
            <param index="1">
              <value>
                <![CDATA[2]]>
              </value>
            </param>
            <param index="2">
              <value>
                <![CDATA[{"mobilephone":"${notRegisterYetMobilephone}","pwd":"${toBeRegisterPassword}"}]]>
              </value>
            </param>
            <param index="3">
              <value>
                <![CDATA[{"status":"0","code":"20111",data:null,"msg":"用户名或者密码错误"}]]>
              </value>
            </param>
            <param index="4">
              <value>
                <![CDATA[]]>
              </value>
            </param>
            <param index="5">
              <value>
                <![CDATA[]]>
              </value>
            </param>
          </params>
          <reporter-output>
          </reporter-output>
        </test-method> <!-- test1 -->
        <test-method status="PASS" signature="test1(java.lang.String, java.lang.String, java.lang.String, java.lang.String, java.lang.String, java.lang.String)[pri:0, instance:com.qj.api.auto.cases.LoginCase@4cb2c100]" name="test1" duration-ms="45" started-at="2018-11-26T15:36:01Z" data-provider="datas" finished-at="2018-11-26T15:36:01Z">
          <params>
            <param index="0">
              <value>
                <![CDATA[10]]>
              </value>
            </param>
            <param index="1">
              <value>
                <![CDATA[2]]>
              </value>
            </param>
            <param index="2">
              <value>
                <![CDATA[{"mobilephone":"${toBeRegisterMobilephone}","pwd":"${wrongPassword}"}]]>
              </value>
            </param>
            <param index="3">
              <value>
                <![CDATA[{"status":"0","code":"20111",data:null,"msg":"用户名或者密码错误"}]]>
              </value>
            </param>
            <param index="4">
              <value>
                <![CDATA[]]>
              </value>
            </param>
            <param index="5">
              <value>
                <![CDATA[]]>
              </value>
            </param>
          </params>
          <reporter-output>
          </reporter-output>
        </test-method> <!-- test1 -->
        <test-method status="PASS" signature="test1(java.lang.String, java.lang.String, java.lang.String, java.lang.String, java.lang.String, java.lang.String)[pri:0, instance:com.qj.api.auto.cases.LoginCase@4cb2c100]" name="test1" duration-ms="35" started-at="2018-11-26T15:36:01Z" data-provider="datas" finished-at="2018-11-26T15:36:01Z">
          <params>
            <param index="0">
              <value>
                <![CDATA[11]]>
              </value>
            </param>
            <param index="1">
              <value>
                <![CDATA[2]]>
              </value>
            </param>
            <param index="2">
              <value>
                <![CDATA[{"mobilephone":"${toBeRegisterMobilephone}","pwd":"${toBeRegisterPassword}"}]]>
              </value>
            </param>
            <param index="3">
              <value>
                <![CDATA[{"status":"1","code":"10001","data":null,"msg":"登录成功"}]]>
              </value>
            </param>
            <param index="4">
              <value>
                <![CDATA[]]>
              </value>
            </param>
            <param index="5">
              <value>
                <![CDATA[]]>
              </value>
            </param>
          </params>
          <reporter-output>
          </reporter-output>
        </test-method> <!-- test1 -->
      </class> <!-- com.qj.api.auto.cases.LoginCase -->
    </test> <!-- login -->
    <test name="recharge" duration-ms="822" started-at="2018-11-26T07:36:01Z" finished-at="2018-11-26T07:36:02Z">
      <class name="com.qj.api.auto.cases.RechargeCase">
        <test-method status="PASS" signature="test1(java.lang.String, java.lang.String, java.lang.String, java.lang.String, java.lang.String, java.lang.String)[pri:0, instance:com.qj.api.auto.cases.RechargeCase@327471b5]" name="test1" duration-ms="46" started-at="2018-11-26T15:36:01Z" data-provider="datas" finished-at="2018-11-26T15:36:01Z">
          <params>
            <param index="0">
              <value>
                <![CDATA[12]]>
              </value>
            </param>
            <param index="1">
              <value>
                <![CDATA[3]]>
              </value>
            </param>
            <param index="2">
              <value>
                <![CDATA[{"mobilephone":"","amount":"10000"}]]>
              </value>
            </param>
            <param index="3">
              <value>
                <![CDATA[{"status":"0","code":"20103",data:null,"msg":"手机号不能为空"}]]>
              </value>
            </param>
            <param index="4">
              <value>
                <![CDATA[]]>
              </value>
            </param>
            <param index="5">
              <value>
                <![CDATA[]]>
              </value>
            </param>
          </params>
          <reporter-output>
          </reporter-output>
        </test-method> <!-- test1 -->
        <test-method status="PASS" signature="test1(java.lang.String, java.lang.String, java.lang.String, java.lang.String, java.lang.String, java.lang.String)[pri:0, instance:com.qj.api.auto.cases.RechargeCase@327471b5]" name="test1" duration-ms="48" started-at="2018-11-26T15:36:01Z" data-provider="datas" finished-at="2018-11-26T15:36:01Z">
          <params>
            <param index="0">
              <value>
                <![CDATA[13]]>
              </value>
            </param>
            <param index="1">
              <value>
                <![CDATA[3]]>
              </value>
            </param>
            <param index="2">
              <value>
                <![CDATA[{"mobilephone":"${toBeRegisterMobilephone}","amount":""}]]>
              </value>
            </param>
            <param index="3">
              <value>
                <![CDATA[{"status":"0","code":"20115",data:null,"msg":"请输入金额"}]]>
              </value>
            </param>
            <param index="4">
              <value>
                <![CDATA[]]>
              </value>
            </param>
            <param index="5">
              <value>
                <![CDATA[]]>
              </value>
            </param>
          </params>
          <reporter-output>
          </reporter-output>
        </test-method> <!-- test1 -->
        <test-method status="PASS" signature="test1(java.lang.String, java.lang.String, java.lang.String, java.lang.String, java.lang.String, java.lang.String)[pri:0, instance:com.qj.api.auto.cases.RechargeCase@327471b5]" name="test1" duration-ms="33" started-at="2018-11-26T15:36:01Z" data-provider="datas" finished-at="2018-11-26T15:36:01Z">
          <params>
            <param index="0">
              <value>
                <![CDATA[14]]>
              </value>
            </param>
            <param index="1">
              <value>
                <![CDATA[3]]>
              </value>
            </param>
            <param index="2">
              <value>
                <![CDATA[{"mobilephone":"${notValidMobilephone}","amount":"10000"}]]>
              </value>
            </param>
            <param index="3">
              <value>
                <![CDATA[{"status":"0","code":"20109",data:null,"msg":"手机格式不正确"}]]>
              </value>
            </param>
            <param index="4">
              <value>
                <![CDATA[]]>
              </value>
            </param>
            <param index="5">
              <value>
                <![CDATA[]]>
              </value>
            </param>
          </params>
          <reporter-output>
          </reporter-output>
        </test-method> <!-- test1 -->
        <test-method status="PASS" signature="test1(java.lang.String, java.lang.String, java.lang.String, java.lang.String, java.lang.String, java.lang.String)[pri:0, instance:com.qj.api.auto.cases.RechargeCase@327471b5]" name="test1" duration-ms="60" started-at="2018-11-26T15:36:01Z" data-provider="datas" finished-at="2018-11-26T15:36:01Z">
          <params>
            <param index="0">
              <value>
                <![CDATA[15]]>
              </value>
            </param>
            <param index="1">
              <value>
                <![CDATA[3]]>
              </value>
            </param>
            <param index="2">
              <value>
                <![CDATA[{"mobilephone":"${notRegisterYetMobilephone}","amount":"10000"}]]>
              </value>
            </param>
            <param index="3">
              <value>
                <![CDATA[{"status":"0","code":"20104",data:null,"msg":"此手机号对应的会员不存在"}]]>
              </value>
            </param>
            <param index="4">
              <value>
                <![CDATA[]]>
              </value>
            </param>
            <param index="5">
              <value>
                <![CDATA[]]>
              </value>
            </param>
          </params>
          <reporter-output>
          </reporter-output>
        </test-method> <!-- test1 -->
        <test-method status="PASS" signature="test1(java.lang.String, java.lang.String, java.lang.String, java.lang.String, java.lang.String, java.lang.String)[pri:0, instance:com.qj.api.auto.cases.RechargeCase@327471b5]" name="test1" duration-ms="59" started-at="2018-11-26T15:36:01Z" data-provider="datas" finished-at="2018-11-26T15:36:01Z">
          <params>
            <param index="0">
              <value>
                <![CDATA[16]]>
              </value>
            </param>
            <param index="1">
              <value>
                <![CDATA[3]]>
              </value>
            </param>
            <param index="2">
              <value>
                <![CDATA[{"mobilephone":"${toBeRegisterMobilephone}","amount":"测试文字"}]]>
              </value>
            </param>
            <param index="3">
              <value>
                <![CDATA[{"status":"0","code":"20118",data:null,"msg":"请输入数字"}]]>
              </value>
            </param>
            <param index="4">
              <value>
                <![CDATA[]]>
              </value>
            </param>
            <param index="5">
              <value>
                <![CDATA[]]>
              </value>
            </param>
          </params>
          <reporter-output>
          </reporter-output>
        </test-method> <!-- test1 -->
        <test-method status="PASS" signature="test1(java.lang.String, java.lang.String, java.lang.String, java.lang.String, java.lang.String, java.lang.String)[pri:0, instance:com.qj.api.auto.cases.RechargeCase@327471b5]" name="test1" duration-ms="57" started-at="2018-11-26T15:36:01Z" data-provider="datas" finished-at="2018-11-26T15:36:01Z">
          <params>
            <param index="0">
              <value>
                <![CDATA[17]]>
              </value>
            </param>
            <param index="1">
              <value>
                <![CDATA[3]]>
              </value>
            </param>
            <param index="2">
              <value>
                <![CDATA[{"mobilephone":"${toBeRegisterMobilephone}","amount":"-1"}]]>
              </value>
            </param>
            <param index="3">
              <value>
                <![CDATA[{"status":"0","code":"20117",data:null,"msg":"请输入范围在0到50万之间的正数金额"}]]>
              </value>
            </param>
            <param index="4">
              <value>
                <![CDATA[]]>
              </value>
            </param>
            <param index="5">
              <value>
                <![CDATA[]]>
              </value>
            </param>
          </params>
          <reporter-output>
          </reporter-output>
        </test-method> <!-- test1 -->
        <test-method status="PASS" signature="test1(java.lang.String, java.lang.String, java.lang.String, java.lang.String, java.lang.String, java.lang.String)[pri:0, instance:com.qj.api.auto.cases.RechargeCase@327471b5]" name="test1" duration-ms="43" started-at="2018-11-26T15:36:01Z" data-provider="datas" finished-at="2018-11-26T15:36:01Z">
          <params>
            <param index="0">
              <value>
                <![CDATA[18]]>
              </value>
            </param>
            <param index="1">
              <value>
                <![CDATA[3]]>
              </value>
            </param>
            <param index="2">
              <value>
                <![CDATA[{"mobilephone":"${toBeRegisterMobilephone}","amount":"510000"}]]>
              </value>
            </param>
            <param index="3">
              <value>
                <![CDATA[{"status":"0","code":"20117",data:null,"msg":"请输入范围在0到51万之间的正数金额"}]]>
              </value>
            </param>
            <param index="4">
              <value>
                <![CDATA[]]>
              </value>
            </param>
            <param index="5">
              <value>
                <![CDATA[]]>
              </value>
            </param>
          </params>
          <reporter-output>
          </reporter-output>
        </test-method> <!-- test1 -->
        <test-method status="PASS" signature="test1(java.lang.String, java.lang.String, java.lang.String, java.lang.String, java.lang.String, java.lang.String)[pri:0, instance:com.qj.api.auto.cases.RechargeCase@327471b5]" name="test1" duration-ms="34" started-at="2018-11-26T15:36:01Z" data-provider="datas" finished-at="2018-11-26T15:36:01Z">
          <params>
            <param index="0">
              <value>
                <![CDATA[19]]>
              </value>
            </param>
            <param index="1">
              <value>
                <![CDATA[3]]>
              </value>
            </param>
            <param index="2">
              <value>
                <![CDATA[{"mobilephone":"${toBeRegisterMobilephone}","amount":"10000.001"}]]>
              </value>
            </param>
            <param index="3">
              <value>
                <![CDATA[{"status":"0","code":"20116",data:null,"msg":"输入金额的小数不能超过两位"}]]>
              </value>
            </param>
            <param index="4">
              <value>
                <![CDATA[]]>
              </value>
            </param>
            <param index="5">
              <value>
                <![CDATA[]]>
              </value>
            </param>
          </params>
          <reporter-output>
          </reporter-output>
        </test-method> <!-- test1 -->
        <test-method status="PASS" signature="test1(java.lang.String, java.lang.String, java.lang.String, java.lang.String, java.lang.String, java.lang.String)[pri:0, instance:com.qj.api.auto.cases.RechargeCase@327471b5]" name="test1" duration-ms="435" started-at="2018-11-26T15:36:01Z" data-provider="datas" finished-at="2018-11-26T15:36:02Z">
          <params>
            <param index="0">
              <value>
                <![CDATA[20]]>
              </value>
            </param>
            <param index="1">
              <value>
                <![CDATA[3]]>
              </value>
            </param>
            <param index="2">
              <value>
                <![CDATA[{"mobilephone":"${toBeRegisterMobilephone}","amount":"10000"}]]>
              </value>
            </param>
            <param index="3">
              <value>
                <![CDATA[{"status":"1","code":"10001",data:null,"msg":"充值成功"}]]>
              </value>
            </param>
            <param index="4">
              <value>
                <![CDATA[[{"no":"1","sql":"select leaveamount from member where 
mobilephone='${toBeRegisterMobilephone}'"},
{"no":"2","sql":"select count(*) as totalNum from financelog where IncomeMemberId = (select id from member where mobilephone='${toBeRegisterMobilephone}')"}]]]>
              </value>
            </param>
            <param index="5">
              <value>
                <![CDATA[[{"no":"1","sql":"select leaveamount from member where 
mobilephone='${toBeRegisterMobilephone}'"},
{"no":"2","sql":"select count(*) as totalNum from financelog where IncomeMemberId = (select id from member where mobilephone='${toBeRegisterMobilephone}')"}]]]>
              </value>
            </param>
          </params>
          <reporter-output>
          </reporter-output>
        </test-method> <!-- test1 -->
        <test-method status="PASS" signature="batchWriteBackDatas()[pri:0, instance:com.qj.api.auto.cases.RechargeCase@327471b5]" name="batchWriteBackDatas" is-config="true" duration-ms="678" started-at="2018-11-26T15:36:02Z" finished-at="2018-11-26T15:36:02Z">
          <reporter-output>
          </reporter-output>
        </test-method> <!-- batchWriteBackDatas -->
      </class> <!-- com.qj.api.auto.cases.RechargeCase -->
    </test> <!-- recharge -->
  </suite> <!-- 接口项目 -->
</testng-results>
