<?xml version="1.0" encoding="UTF-8"?>
<testng-results skipped="0" failed="1" total="1" passed="0">
  <reporter-output>
  </reporter-output>
  <suite name="接口项目" duration-ms="5705" started-at="2019-02-27T11:35:31Z" finished-at="2019-02-27T11:35:37Z">
    <groups>
    </groups>
    <test name="loginSingle" duration-ms="6" started-at="2019-02-27T11:35:31Z" finished-at="2019-02-27T11:35:31Z">
    </test> <!-- loginSingle -->
    <test name="withdraw" duration-ms="5466" started-at="2019-02-27T11:35:31Z" finished-at="2019-02-27T11:35:37Z">
      <class name="com.qj.api.auto.cases.Withdraw">
        <test-method status="FAIL" signature="test1(java.lang.String, java.lang.String, java.lang.String, java.lang.String, java.lang.String, java.lang.String)[pri:0, instance:com.qj.api.auto.cases.Withdraw@180bc464]" name="test1" duration-ms="2466" started-at="2019-02-27T19:35:34Z" data-provider="datas" finished-at="2019-02-27T19:35:37Z">
          <params>
            <param index="0">
              <value>
                <![CDATA[7]]>
              </value>
            </param>
            <param index="1">
              <value>
                <![CDATA[4]]>
              </value>
            </param>
            <param index="2">
              <value>
                <![CDATA[]]>
              </value>
            </param>
            <param index="3">
              <value>
                <![CDATA[]]>
              </value>
            </param>
            <param index="4">
              <value>
                <![CDATA[]]>
              </value>
            </param>
            <param index="5">
              <value>
                <![CDATA[]]>
              </value>
            </param>
          </params>
          <exception class="java.lang.NullPointerException">
            <full-stacktrace>
              <![CDATA[java.lang.NullPointerException
	at com.qj.api.auto.util.HttpUnit.getDemo(HttpUnit.java:121)
	at com.qj.api.auto.util.HttpUnit.doService(HttpUnit.java:180)
	at com.qj.api.auto.cases.BaseProcessor.test1(BaseProcessor.java:69)
	at sun.reflect.NativeMethodAccessorImpl.invoke0(Native Method)
	at sun.reflect.NativeMethodAccessorImpl.invoke(NativeMethodAccessorImpl.java:62)
	at sun.reflect.DelegatingMethodAccessorImpl.invoke(DelegatingMethodAccessorImpl.java:43)
	at java.lang.reflect.Method.invoke(Method.java:498)
	at org.testng.internal.MethodInvocationHelper.invokeMethod(MethodInvocationHelper.java:84)
	at org.testng.internal.Invoker.invokeMethod(Invoker.java:714)
	at org.testng.internal.Invoker.invokeTestMethod(Invoker.java:901)
	at org.testng.internal.Invoker.invokeTestMethods(Invoker.java:1231)
	at org.testng.internal.TestMethodWorker.invokeTestMethods(TestMethodWorker.java:127)
	at org.testng.internal.TestMethodWorker.run(TestMethodWorker.java:111)
	at org.testng.TestRunner.privateRun(TestRunner.java:767)
	at org.testng.TestRunner.run(TestRunner.java:617)
	at org.testng.SuiteRunner.runTest(SuiteRunner.java:348)
	at org.testng.SuiteRunner.runSequentially(SuiteRunner.java:343)
	at org.testng.SuiteRunner.privateRun(SuiteRunner.java:305)
	at org.testng.SuiteRunner.run(SuiteRunner.java:254)
	at org.testng.SuiteRunnerWorker.runSuite(SuiteRunnerWorker.java:52)
	at org.testng.SuiteRunnerWorker.run(SuiteRunnerWorker.java:86)
	at org.testng.TestNG.runSuitesSequentially(TestNG.java:1224)
	at org.testng.TestNG.runSuitesLocally(TestNG.java:1149)
	at org.testng.TestNG.run(TestNG.java:1057)
	at org.testng.remote.RemoteTestNG.run(RemoteTestNG.java:111)
	at org.testng.remote.RemoteTestNG.initAndRun(RemoteTestNG.java:204)
	at org.testng.remote.RemoteTestNG.main(RemoteTestNG.java:175)
]]>
            </full-stacktrace>
          </exception> <!-- java.lang.NullPointerException -->
          <reporter-output>
          </reporter-output>
        </test-method> <!-- test1 -->
        <test-method status="PASS" signature="batchWriteBackDatas()[pri:0, instance:com.qj.api.auto.cases.Withdraw@180bc464]" name="batchWriteBackDatas" is-config="true" duration-ms="556" started-at="2019-02-27T19:35:37Z" finished-at="2019-02-27T19:35:37Z">
          <reporter-output>
          </reporter-output>
        </test-method> <!-- batchWriteBackDatas -->
      </class> <!-- com.qj.api.auto.cases.Withdraw -->
    </test> <!-- withdraw -->
  </suite> <!-- 接口项目 -->
</testng-results>
