<?xml version="1.0" encoding="UTF-8"?>
<testng-results skipped="0" failed="1" total="7" passed="6">
  <reporter-output>
  </reporter-output>
  <suite name="接口项目" duration-ms="3894" started-at="2019-04-02T13:50:29Z" finished-at="2019-04-02T13:50:33Z">
    <groups>
    </groups>
    <test name="loginSingle" duration-ms="6" started-at="2019-04-02T13:50:29Z" finished-at="2019-04-02T13:50:29Z">
    </test> <!-- loginSingle -->
    <test name="withdraw" duration-ms="3870" started-at="2019-04-02T13:50:29Z" finished-at="2019-04-02T13:50:33Z">
      <class name="com.qj.api.auto.cases.NotNeedLoginCaseProcessorTest2">
        <test-method status="PASS" signature="register1(java.lang.String, java.lang.String, java.lang.String, java.lang.String, java.lang.String, java.lang.String)[pri:0, instance:com.qj.api.auto.cases.NotNeedLoginCaseProcessorTest2@34b7bfc0]" name="register1" duration-ms="98" started-at="2019-04-02T21:50:32Z" data-provider="registerDate" finished-at="2019-04-02T21:50:32Z">
          <params>
            <param index="0">
              <value>
                <![CDATA[1]]>
              </value>
            </param>
            <param index="1">
              <value>
                <![CDATA[1]]>
              </value>
            </param>
            <param index="2">
              <value>
                <![CDATA[{"mobilephone":"${toBeRegisterMobilephone}","pwd":""}]]>
              </value>
            </param>
            <param index="3">
              <value>
                <![CDATA[{"status":0,"code":"20103","data":null,"msg":"密码不能为空"}]]>
              </value>
            </param>
            <param index="4">
              <value>
                <![CDATA[]]>
              </value>
            </param>
            <param index="5">
              <value>
                <![CDATA[]]>
              </value>
            </param>
          </params>
          <reporter-output>
          </reporter-output>
        </test-method> <!-- register1 -->
        <test-method status="PASS" signature="register1(java.lang.String, java.lang.String, java.lang.String, java.lang.String, java.lang.String, java.lang.String)[pri:0, instance:com.qj.api.auto.cases.NotNeedLoginCaseProcessorTest2@34b7bfc0]" name="register1" duration-ms="124" started-at="2019-04-02T21:50:32Z" data-provider="registerDate" finished-at="2019-04-02T21:50:32Z">
          <params>
            <param index="0">
              <value>
                <![CDATA[1]]>
              </value>
            </param>
            <param index="1">
              <value>
                <![CDATA[6]]>
              </value>
            </param>
            <param index="2">
              <value>
                <![CDATA[{"mobilephone":"${toBeRegisterMobilephone}","pwd":"${toBeRegisterPassword}"}]]>
              </value>
            </param>
            <param index="3">
              <value>
                <![CDATA[{"status":0,"code":"20110","data":null,"msg":"手机号码已被注册"}]]>
              </value>
            </param>
            <param index="4">
              <value>
                <![CDATA[]]>
              </value>
            </param>
            <param index="5">
              <value>
                <![CDATA[]]>
              </value>
            </param>
          </params>
          <reporter-output>
          </reporter-output>
        </test-method> <!-- register1 -->
        <test-method status="PASS" signature="login(java.lang.String, java.lang.String, java.lang.String, java.lang.String, java.lang.String, java.lang.String)[pri:0, instance:com.qj.api.auto.cases.NotNeedLoginCaseProcessorTest2@34b7bfc0]" name="login" duration-ms="105" started-at="2019-04-02T21:50:32Z" data-provider="loginData" depends-on-methods="com.qj.api.auto.cases.NotNeedLoginCaseProcessorTest2.register1" finished-at="2019-04-02T21:50:33Z">
          <params>
            <param index="0">
              <value>
                <![CDATA[2]]>
              </value>
            </param>
            <param index="1">
              <value>
                <![CDATA[7]]>
              </value>
            </param>
            <param index="2">
              <value>
                <![CDATA[{"mobilephone":"${toBeRegisterMobilephone}","pwd":""}]]>
              </value>
            </param>
            <param index="3">
              <value>
                <![CDATA[{"status":0,"code":"20103","data":null,"msg":"密码不能为空"}]]>
              </value>
            </param>
            <param index="4">
              <value>
                <![CDATA[]]>
              </value>
            </param>
            <param index="5">
              <value>
                <![CDATA[]]>
              </value>
            </param>
          </params>
          <reporter-output>
          </reporter-output>
        </test-method> <!-- login -->
        <test-method status="PASS" signature="login(java.lang.String, java.lang.String, java.lang.String, java.lang.String, java.lang.String, java.lang.String)[pri:0, instance:com.qj.api.auto.cases.NotNeedLoginCaseProcessorTest2@34b7bfc0]" name="login" duration-ms="100" started-at="2019-04-02T21:50:33Z" data-provider="loginData" depends-on-methods="com.qj.api.auto.cases.NotNeedLoginCaseProcessorTest2.register1" finished-at="2019-04-02T21:50:33Z">
          <params>
            <param index="0">
              <value>
                <![CDATA[2]]>
              </value>
            </param>
            <param index="1">
              <value>
                <![CDATA[8]]>
              </value>
            </param>
            <param index="2">
              <value>
                <![CDATA[{"mobilephone":"","pwd":"123456"}]]>
              </value>
            </param>
            <param index="3">
              <value>
                <![CDATA[{"status":0,"code":"20103","data":null,"msg":"手机号不能为空"}]]>
              </value>
            </param>
            <param index="4">
              <value>
                <![CDATA[]]>
              </value>
            </param>
            <param index="5">
              <value>
                <![CDATA[]]>
              </value>
            </param>
          </params>
          <reporter-output>
          </reporter-output>
        </test-method> <!-- login -->
      </class> <!-- com.qj.api.auto.cases.NotNeedLoginCaseProcessorTest2 -->
      <class name="com.qj.api.auto.cases.NotNeedLoginCaseProcessorTest">
        <test-method status="PASS" signature="register(java.lang.String, java.lang.String, java.lang.String, java.lang.String, java.lang.String, java.lang.String)[pri:0, instance:com.qj.api.auto.cases.NotNeedLoginCaseProcessorTest@2d3fcdbd]" name="register" duration-ms="2225" started-at="2019-04-02T21:50:29Z" data-provider="registerDate" finished-at="2019-04-02T21:50:32Z">
          <params>
            <param index="0">
              <value>
                <![CDATA[1]]>
              </value>
            </param>
            <param index="1">
              <value>
                <![CDATA[1]]>
              </value>
            </param>
            <param index="2">
              <value>
                <![CDATA[{"mobilephone":"${toBeRegisterMobilephone}","pwd":""}]]>
              </value>
            </param>
            <param index="3">
              <value>
                <![CDATA[{"status":0,"code":"20103","data":null,"msg":"密码不能为空"}]]>
              </value>
            </param>
            <param index="4">
              <value>
                <![CDATA[]]>
              </value>
            </param>
            <param index="5">
              <value>
                <![CDATA[]]>
              </value>
            </param>
          </params>
          <reporter-output>
          </reporter-output>
        </test-method> <!-- register -->
        <test-method status="PASS" signature="register(java.lang.String, java.lang.String, java.lang.String, java.lang.String, java.lang.String, java.lang.String)[pri:0, instance:com.qj.api.auto.cases.NotNeedLoginCaseProcessorTest@2d3fcdbd]" name="register" duration-ms="78" started-at="2019-04-02T21:50:32Z" data-provider="registerDate" finished-at="2019-04-02T21:50:32Z">
          <params>
            <param index="0">
              <value>
                <![CDATA[1]]>
              </value>
            </param>
            <param index="1">
              <value>
                <![CDATA[2]]>
              </value>
            </param>
            <param index="2">
              <value>
                <![CDATA[{"mobilephone":"","pwd":"${toBeRegisterPassword}"}]]>
              </value>
            </param>
            <param index="3">
              <value>
                <![CDATA[{"status":0,"code":"20103","data":null,"msg":"手机号不能为空"}]]>
              </value>
            </param>
            <param index="4">
              <value>
                <![CDATA[]]>
              </value>
            </param>
            <param index="5">
              <value>
                <![CDATA[]]>
              </value>
            </param>
          </params>
          <reporter-output>
          </reporter-output>
        </test-method> <!-- register -->
        <test-method status="FAIL" signature="toAddProjectUserId()[pri:0, instance:com.qj.api.auto.cases.NotNeedLoginCaseProcessorTest@2d3fcdbd]" name="toAddProjectUserId" duration-ms="427" started-at="2019-04-02T21:50:32Z" depends-on-methods="com.qj.api.auto.cases.NotNeedLoginCaseProcessorTest.login" finished-at="2019-04-02T21:50:32Z">
          <exception class="java.lang.NullPointerException">
            <full-stacktrace>
              <![CDATA[java.lang.NullPointerException
	at com.qj.api.auto.util.VariableUtil.getSpecifiedValueInInterface(VariableUtil.java:123)
	at com.qj.api.auto.cases.NotNeedLoginCaseProcessorTest.toAddProjectUserId(NotNeedLoginCaseProcessorTest.java:82)
	at sun.reflect.NativeMethodAccessorImpl.invoke0(Native Method)
	at sun.reflect.NativeMethodAccessorImpl.invoke(NativeMethodAccessorImpl.java:62)
	at sun.reflect.DelegatingMethodAccessorImpl.invoke(DelegatingMethodAccessorImpl.java:43)
	at java.lang.reflect.Method.invoke(Method.java:498)
	at org.testng.internal.MethodInvocationHelper.invokeMethod(MethodInvocationHelper.java:84)
	at org.testng.internal.Invoker.invokeMethod(Invoker.java:714)
	at org.testng.internal.Invoker.invokeTestMethod(Invoker.java:901)
	at org.testng.internal.Invoker.invokeTestMethods(Invoker.java:1231)
	at org.testng.internal.TestMethodWorker.invokeTestMethods(TestMethodWorker.java:127)
	at org.testng.internal.TestMethodWorker.run(TestMethodWorker.java:111)
	at org.testng.TestRunner.privateRun(TestRunner.java:767)
	at org.testng.TestRunner.run(TestRunner.java:617)
	at org.testng.SuiteRunner.runTest(SuiteRunner.java:348)
	at org.testng.SuiteRunner.runSequentially(SuiteRunner.java:343)
	at org.testng.SuiteRunner.privateRun(SuiteRunner.java:305)
	at org.testng.SuiteRunner.run(SuiteRunner.java:254)
	at org.testng.SuiteRunnerWorker.runSuite(SuiteRunnerWorker.java:52)
	at org.testng.SuiteRunnerWorker.run(SuiteRunnerWorker.java:86)
	at org.testng.TestNG.runSuitesSequentially(TestNG.java:1224)
	at org.testng.TestNG.runSuitesLocally(TestNG.java:1149)
	at org.testng.TestNG.run(TestNG.java:1057)
	at org.testng.remote.RemoteTestNG.run(RemoteTestNG.java:111)
	at org.testng.remote.RemoteTestNG.initAndRun(RemoteTestNG.java:204)
	at org.testng.remote.RemoteTestNG.main(RemoteTestNG.java:175)
]]>
            </full-stacktrace>
          </exception> <!-- java.lang.NullPointerException -->
          <reporter-output>
          </reporter-output>
        </test-method> <!-- toAddProjectUserId -->
      </class> <!-- com.qj.api.auto.cases.NotNeedLoginCaseProcessorTest -->
    </test> <!-- withdraw -->
  </suite> <!-- 接口项目 -->
</testng-results>
