<?xml version="1.0" encoding="UTF-8"?>
<!-- Generated by org.testng.reporters.JUnitXMLReporter -->
<testsuite hostname="BF-20180428VRFN" name="withdraw" tests="12" failures="0" timestamp="4 Mar 2019 11:40:36 GMT" time="4.826" errors="0">
  <testcase name="register" time="1.515" classname="com.qj.api.auto.cases.NotNeedLoginCaseProcessorTest"/>
  <testcase name="register" time="0.15" classname="com.qj.api.auto.cases.NotNeedLoginCaseProcessorTest"/>
  <testcase name="register" time="0.103" classname="com.qj.api.auto.cases.NotNeedLoginCaseProcessorTest"/>
  <testcase name="register" time="0.115" classname="com.qj.api.auto.cases.NotNeedLoginCaseProcessorTest"/>
  <testcase name="register" time="0.999" classname="com.qj.api.auto.cases.NotNeedLoginCaseProcessorTest"/>
  <testcase name="register" time="0.132" classname="com.qj.api.auto.cases.NotNeedLoginCaseProcessorTest"/>
  <testcase name="login" time="0.087" classname="com.qj.api.auto.cases.NotNeedLoginCaseProcessorTest"/>
  <testcase name="login" time="0.133" classname="com.qj.api.auto.cases.NotNeedLoginCaseProcessorTest"/>
  <testcase name="login" time="0.104" classname="com.qj.api.auto.cases.NotNeedLoginCaseProcessorTest"/>
  <testcase name="login" time="0.12" classname="com.qj.api.auto.cases.NotNeedLoginCaseProcessorTest"/>
  <testcase name="login" time="0.101" classname="com.qj.api.auto.cases.NotNeedLoginCaseProcessorTest"/>
  <testcase name="toAddProjectUserId" time="0.398" classname="com.qj.api.auto.cases.NotNeedLoginCaseProcessorTest"/>
</testsuite> <!-- withdraw -->
