<?xml version="1.0" encoding="UTF-8"?>
<!-- Generated by org.testng.reporters.JUnitXMLReporter -->
<testsuite hostname="BF-20180428VRFN" name="login" tests="5" failures="0" timestamp="27 Feb 2019 11:56:19 GMT" time="3.596" errors="0">
  <testcase name="test1" time="2.299" classname="com.qj.api.auto.cases.LoginCase"/>
  <testcase name="test1" time="0.158" classname="com.qj.api.auto.cases.LoginCase"/>
  <testcase name="test1" time="0.099" classname="com.qj.api.auto.cases.LoginCase"/>
  <testcase name="test1" time="0.093" classname="com.qj.api.auto.cases.LoginCase"/>
  <testcase name="test1" time="0.091" classname="com.qj.api.auto.cases.LoginCase"/>
</testsuite> <!-- login -->
