<?xml version="1.0" encoding="UTF-8"?>
<!-- Generated by org.testng.reporters.JUnitXMLReporter -->
<testsuite hostname="BF-20180428VRFN" name="login" tests="5" failures="0" timestamp="26 Nov 2018 07:36:01 GMT" time="0.233" errors="0">
  <testcase name="test1" time="0.045" classname="com.qj.api.auto.cases.LoginCase"/>
  <testcase name="test1" time="0.045" classname="com.qj.api.auto.cases.LoginCase"/>
  <testcase name="test1" time="0.057" classname="com.qj.api.auto.cases.LoginCase"/>
  <testcase name="test1" time="0.045" classname="com.qj.api.auto.cases.LoginCase"/>
  <testcase name="test1" time="0.035" classname="com.qj.api.auto.cases.LoginCase"/>
</testsuite> <!-- login -->
