<?xml version="1.0" encoding="UTF-8"?>
<!-- Generated by org.testng.reporters.JUnitXMLReporter -->
<testsuite hostname="BF-20180428VRFN" name="registTest" tests="6" failures="0" timestamp="26 Nov 2018 07:36:00 GMT" time="3.239" errors="0">
  <testcase name="test1" time="1.738" classname="com.qj.api.auto.cases.RegisterCase_v7"/>
  <testcase name="test1" time="0.063" classname="com.qj.api.auto.cases.RegisterCase_v7"/>
  <testcase name="test1" time="0.049" classname="com.qj.api.auto.cases.RegisterCase_v7"/>
  <testcase name="test1" time="0.053" classname="com.qj.api.auto.cases.RegisterCase_v7"/>
  <testcase name="test1" time="0.524" classname="com.qj.api.auto.cases.RegisterCase_v7"/>
  <testcase name="test1" time="0.05" classname="com.qj.api.auto.cases.RegisterCase_v7"/>
</testsuite> <!-- registTest -->
