<?xml version="1.0" encoding="UTF-8"?>
<!-- Generated by org.testng.reporters.JUnitXMLReporter -->
<testsuite hostname="BF-20180428VRFN" name="login" tests="5" failures="0" timestamp="2 Mar 2019 11:44:03 GMT" time="3.703" errors="0">
  <testcase name="test1" time="2.352" classname="com.qj.api.auto.cases.LoginCase"/>
  <testcase name="test1" time="0.118" classname="com.qj.api.auto.cases.LoginCase"/>
  <testcase name="test1" time="0.114" classname="com.qj.api.auto.cases.LoginCase"/>
  <testcase name="test1" time="0.12" classname="com.qj.api.auto.cases.LoginCase"/>
  <testcase name="test1" time="0.13" classname="com.qj.api.auto.cases.LoginCase"/>
</testsuite> <!-- login -->
