<?xml version="1.0" encoding="UTF-8" ?>
<testsuite tests="20" failures="0" name="TestSuite" time="6.345" errors="0" skipped="0">
  <properties>
[...]
</properties>
  <testcase classname="com.qj.api.auto.cases.RegisterCase_v7" name="test1" time="1.515"/>
  <testcase classname="com.qj.api.auto.cases.RegisterCase_v7" name="test1" time="0.032"/>
  <testcase classname="com.qj.api.auto.cases.RegisterCase_v7" name="test1" time="0.033"/>
  <testcase classname="com.qj.api.auto.cases.RegisterCase_v7" name="test1" time="0.032"/>
  <testcase classname="com.qj.api.auto.cases.RegisterCase_v7" name="test1" time="0.272"/>
  <testcase classname="com.qj.api.auto.cases.RegisterCase_v7" name="test1" time="0.035"/>
  <testcase classname="com.qj.api.auto.cases.LoginCase" name="test1" time="0.033"/>
  <testcase classname="com.qj.api.auto.cases.LoginCase" name="test1" time="0.025"/>
  <testcase classname="com.qj.api.auto.cases.LoginCase" name="test1" time="0.039"/>
  <testcase classname="com.qj.api.auto.cases.LoginCase" name="test1" time="0.035"/>
  <testcase classname="com.qj.api.auto.cases.LoginCase" name="test1" time="0.074"/>
  <testcase classname="com.qj.api.auto.cases.RechargeCase" name="test1" time="0.028"/>
  <testcase classname="com.qj.api.auto.cases.RechargeCase" name="test1" time="0.069"/>
  <testcase classname="com.qj.api.auto.cases.RechargeCase" name="test1" time="0.024"/>
  <testcase classname="com.qj.api.auto.cases.RechargeCase" name="test1" time="0.033"/>
  <testcase classname="com.qj.api.auto.cases.RechargeCase" name="test1" time="0.026"/>
  <testcase classname="com.qj.api.auto.cases.RechargeCase" name="test1" time="0.026"/>
  <testcase classname="com.qj.api.auto.cases.RechargeCase" name="test1" time="0.023"/>
  <testcase classname="com.qj.api.auto.cases.RechargeCase" name="test1" time="0.039"/>
  <testcase classname="com.qj.api.auto.cases.RechargeCase" name="test1" time="1.662"/>
</testsuite>