<?xml version="1.0" encoding="UTF-8"?>
<!-- Generated by org.testng.reporters.JUnitReportReporter -->
<testsuite hostname="BF-20180428VRFN" name="com.qj.api.auto.cases.RegisterCase_v7" tests="6" failures="0" timestamp="26 Nov 2018 13:28:44 GMT" time="1.920" errors="0">
  <testcase name="test1" time="1.516" classname="com.qj.api.auto.cases.RegisterCase_v7"/>
  <testcase name="test1" time="0.032" classname="com.qj.api.auto.cases.RegisterCase_v7"/>
  <testcase name="test1" time="0.032" classname="com.qj.api.auto.cases.RegisterCase_v7"/>
  <testcase name="test1" time="0.272" classname="com.qj.api.auto.cases.RegisterCase_v7"/>
  <testcase name="test1" time="0.033" classname="com.qj.api.auto.cases.RegisterCase_v7"/>
  <testcase name="test1" time="0.035" classname="com.qj.api.auto.cases.RegisterCase_v7"/>
</testsuite> <!-- com.qj.api.auto.cases.RegisterCase_v7 -->
