<?xml version="1.0" encoding="UTF-8"?>
<!-- Generated by org.testng.reporters.JUnitReportReporter -->
<testsuite hostname="BF-20180428VRFN" name="com.qj.api.auto.cases.RechargeCase" tests="9" failures="0" timestamp="26 Nov 2018 13:28:44 GMT" time="1.930" errors="0">
  <testcase name="test1" time="0.026" classname="com.qj.api.auto.cases.RechargeCase"/>
  <testcase name="test1" time="0.023" classname="com.qj.api.auto.cases.RechargeCase"/>
  <testcase name="test1" time="0.039" classname="com.qj.api.auto.cases.RechargeCase"/>
  <testcase name="test1" time="0.028" classname="com.qj.api.auto.cases.RechargeCase"/>
  <testcase name="test1" time="0.024" classname="com.qj.api.auto.cases.RechargeCase"/>
  <testcase name="test1" time="0.026" classname="com.qj.api.auto.cases.RechargeCase"/>
  <testcase name="test1" time="1.662" classname="com.qj.api.auto.cases.RechargeCase"/>
  <testcase name="test1" time="0.033" classname="com.qj.api.auto.cases.RechargeCase"/>
  <testcase name="test1" time="0.069" classname="com.qj.api.auto.cases.RechargeCase"/>
</testsuite> <!-- com.qj.api.auto.cases.RechargeCase -->
