<?xml version="1.0" encoding="UTF-8"?>
<!-- Generated by org.testng.reporters.JUnitXMLReporter -->
<testsuite hostname="BF-20180428VRFN" name="withdraw" tests="1" failures="1" timestamp="27 Feb 2019 11:35:37 GMT" time="5.466" errors="0">
  <testcase name="test1" time="2.466" classname="com.qj.api.auto.cases.Withdraw">
    <failure type="java.lang.NullPointerException">
      <![CDATA[java.lang.NullPointerException
	at com.qj.api.auto.util.HttpUnit.getDemo(HttpUnit.java:121)
	at com.qj.api.auto.util.HttpUnit.doService(HttpUnit.java:180)
	at com.qj.api.auto.cases.BaseProcessor.test1(BaseProcessor.java:69)
... Removed 24 stack frames]]>
    </failure>
  </testcase> <!-- test1 -->
</testsuite> <!-- withdraw -->
