<?xml version="1.0" encoding="UTF-8"?>
<!-- Generated by org.testng.reporters.JUnitXMLReporter -->
<testsuite hostname="BF-20180428VRFN" name="registTest" tests="1" failures="1" timestamp="25 Oct 2018 10:35:37 GMT" time="0.28" errors="0">
  <testcase name="test1" time="0.266" classname="com.qj.api.auto.RegisterCase_v3">
    <failure type="org.testng.TestNGException" message="
The data provider is trying to pass 3 parameters but the method com.qj.api.auto.RegisterCase_v3#test1 takes 2">
      <![CDATA[org.testng.TestNGException: 
The data provider is trying to pass 3 parameters but the method com.qj.api.auto.RegisterCase_v3#test1 takes 2
... Removed 18 stack frames]]>
    </failure>
  </testcase> <!-- test1 -->
</testsuite> <!-- registTest -->
